<?xml version="1.0" encoding="UTF-8"?>
<testsuite xmlns:xsi="http://www.w3.org/2001/XMLSchema-instance" xsi:noNamespaceSchemaLocation="https://maven.apache.org/surefire/maven-surefire-plugin/xsd/surefire-test-report-3.0.xsd" version="3.0" name="com.example.fairpaysystem.FairPaySystemApplicationTests" time="6.505" tests="1" errors="0" skipped="0" failures="0">
  <properties>
[...]
</properties>
  <testcase name="contextLoads" classname="com.example.fairpaysystem.FairPaySystemApplicationTests" time="1.824">
    <system-out><![CDATA[19:20:37.347 [main] INFO org.springframework.test.context.support.AnnotationConfigContextLoaderUtils -- Could not detect default configuration classes for test class [com.example.fairpaysystem.FairPaySystemApplicationTests]: FairPaySystemApplicationTests does not declare any static, non-private, non-final, nested classes annotated with @Configuration.
19:20:37.581 [main] INFO org.springframework.boot.test.context.SpringBootTestContextBootstrapper -- Found @SpringBootConfiguration com.example.fairpaysystem.FairPaySystemApplication for test class com.example.fairpaysystem.FairPaySystemApplicationTests
19:20:37,051 |-INFO in ch.qos.logback.classic.LoggerContext[default] - This is logback-classic version 1.4.14
19:20:37,058 |-INFO in ch.qos.logback.classic.util.ContextInitializer@7f34a967 - Here is a list of configurators discovered as a service, by rank: 
19:20:37,058 |-INFO in ch.qos.logback.classic.util.ContextInitializer@7f34a967 -   org.springframework.boot.logging.logback.RootLogLevelConfigurator
19:20:37,058 |-INFO in ch.qos.logback.classic.util.ContextInitializer@7f34a967 - They will be invoked in order until ExecutionStatus.DO_NOT_INVOKE_NEXT_IF_ANY is returned.
19:20:37,058 |-INFO in ch.qos.logback.classic.util.ContextInitializer@7f34a967 - Constructed configurator of type class org.springframework.boot.logging.logback.RootLogLevelConfigurator
19:20:37,079 |-INFO in ch.qos.logback.classic.util.ContextInitializer@7f34a967 - org.springframework.boot.logging.logback.RootLogLevelConfigurator.configure() call lasted 1 milliseconds. ExecutionStatus=INVOKE_NEXT_IF_ANY
19:20:37,079 |-INFO in ch.qos.logback.classic.util.ContextInitializer@7f34a967 - Trying to configure with ch.qos.logback.classic.joran.SerializedModelConfigurator
19:20:37,081 |-INFO in ch.qos.logback.classic.util.ContextInitializer@7f34a967 - Constructed configurator of type class ch.qos.logback.classic.joran.SerializedModelConfigurator
19:20:37,086 |-INFO in ch.qos.logback.classic.LoggerContext[default] - Could NOT find resource [logback-test.scmo]
19:20:37,087 |-INFO in ch.qos.logback.classic.LoggerContext[default] - Could NOT find resource [logback.scmo]
19:20:37,087 |-INFO in ch.qos.logback.classic.util.ContextInitializer@7f34a967 - ch.qos.logback.classic.joran.SerializedModelConfigurator.configure() call lasted 6 milliseconds. ExecutionStatus=INVOKE_NEXT_IF_ANY
19:20:37,087 |-INFO in ch.qos.logback.classic.util.ContextInitializer@7f34a967 - Trying to configure with ch.qos.logback.classic.util.DefaultJoranConfigurator
19:20:37,088 |-INFO in ch.qos.logback.classic.util.ContextInitializer@7f34a967 - Constructed configurator of type class ch.qos.logback.classic.util.DefaultJoranConfigurator
19:20:37,090 |-INFO in ch.qos.logback.classic.LoggerContext[default] - Could NOT find resource [logback-test.xml]
19:20:37,090 |-INFO in ch.qos.logback.classic.LoggerContext[default] - Could NOT find resource [logback.xml]
19:20:37,090 |-INFO in ch.qos.logback.classic.util.ContextInitializer@7f34a967 - ch.qos.logback.classic.util.DefaultJoranConfigurator.configure() call lasted 2 milliseconds. ExecutionStatus=INVOKE_NEXT_IF_ANY
19:20:37,090 |-INFO in ch.qos.logback.classic.util.ContextInitializer@7f34a967 - Trying to configure with ch.qos.logback.classic.BasicConfigurator
19:20:37,093 |-INFO in ch.qos.logback.classic.util.ContextInitializer@7f34a967 - Constructed configurator of type class ch.qos.logback.classic.BasicConfigurator
19:20:37,093 |-INFO in ch.qos.logback.classic.BasicConfigurator@77e80a5e - Setting up default configuration.
19:20:37,128 |-INFO in ch.qos.logback.classic.util.ContextInitializer@7f34a967 - ch.qos.logback.classic.BasicConfigurator.configure() call lasted 35 milliseconds. ExecutionStatus=NEUTRAL
19:20:38,408 |-INFO in ch.qos.logback.core.model.processor.AppenderModelHandler - Processing appender named [Console]
19:20:38,408 |-INFO in ch.qos.logback.core.model.processor.AppenderModelHandler - About to instantiate appender of type [ch.qos.logback.core.ConsoleAppender]
19:20:38,447 |-WARN in ch.qos.logback.core.ConsoleAppender[Console] - This appender no longer admits a layout as a sub-component, set an encoder instead.
19:20:38,447 |-WARN in ch.qos.logback.core.ConsoleAppender[Console] - To ensure compatibility, wrapping your layout in LayoutWrappingEncoder.
19:20:38,447 |-WARN in ch.qos.logback.core.ConsoleAppender[Console] - See also http://logback.qos.ch/codes.html#layoutInsteadOfEncoder for details
19:20:38,447 |-INFO in ch.qos.logback.core.model.processor.AppenderModelHandler - Processing appender named [RollingFile]
19:20:38,447 |-INFO in ch.qos.logback.core.model.processor.AppenderModelHandler - About to instantiate appender of type [ch.qos.logback.core.rolling.RollingFileAppender]
19:20:38,477 |-INFO in c.q.l.core.rolling.TimeBasedRollingPolicy@495857386 - No compression will be used
19:20:38,479 |-INFO in c.q.l.core.rolling.TimeBasedRollingPolicy@495857386 - Will use the pattern ./logs/archived/spring-boot-logger-%d{yyyy-MM-dd}.%i.log for the active file
19:20:38,483 |-INFO in ch.qos.logback.core.rolling.SizeAndTimeBasedFNATP@240139e1 - The date pattern is 'yyyy-MM-dd' from file name pattern './logs/archived/spring-boot-logger-%d{yyyy-MM-dd}.%i.log'.
19:20:38,483 |-INFO in ch.qos.logback.core.rolling.SizeAndTimeBasedFNATP@240139e1 - Roll-over at midnight.
19:20:38,485 |-INFO in ch.qos.logback.core.rolling.SizeAndTimeBasedFNATP@240139e1 - Setting initial period to 2024-02-16T01:37:13.610Z
19:20:38,485 |-WARN in ch.qos.logback.core.rolling.SizeAndTimeBasedFNATP@240139e1 - SizeAndTimeBasedFNATP is deprecated. Use SizeAndTimeBasedRollingPolicy instead
19:20:38,485 |-WARN in ch.qos.logback.core.rolling.SizeAndTimeBasedFNATP@240139e1 - For more information see http://logback.qos.ch/manual/appenders.html#SizeAndTimeBasedRollingPolicy
19:20:38,493 |-INFO in ch.qos.logback.core.rolling.RollingFileAppender[RollingFile] - Active log file name: ./logs/spring-boot-logger.log
19:20:38,493 |-INFO in ch.qos.logback.core.rolling.RollingFileAppender[RollingFile] - File property is set to [./logs/spring-boot-logger.log]
19:20:38,496 |-INFO in ch.qos.logback.classic.model.processor.RootLoggerModelHandler - Setting level of ROOT logger to INFO
19:20:38,496 |-INFO in ch.qos.logback.classic.jul.LevelChangePropagator@7ea4d397 - Propagating INFO level on Logger[ROOT] onto the JUL framework
19:20:38,498 |-INFO in ch.qos.logback.core.model.processor.AppenderRefModelHandler - Attaching appender named [RollingFile] to Logger[ROOT]
19:20:38,498 |-INFO in ch.qos.logback.core.model.processor.AppenderRefModelHandler - Attaching appender named [Console] to Logger[ROOT]
19:20:38,498 |-INFO in ch.qos.logback.classic.model.processor.LoggerModelHandler - Setting level of logger [com.example.fairpaysystem] to TRACE
19:20:38,498 |-INFO in ch.qos.logback.classic.jul.LevelChangePropagator@7ea4d397 - Propagating TRACE level on Logger[com.example.fairpaysystem] onto the JUL framework
19:20:38,504 |-INFO in ch.qos.logback.classic.model.processor.LoggerModelHandler - Setting additivity of logger [com.example.fairpaysystem] to false
19:20:38,504 |-INFO in ch.qos.logback.core.model.processor.AppenderRefModelHandler - Attaching appender named [RollingFile] to Logger[com.example.fairpaysystem]
19:20:38,504 |-INFO in ch.qos.logback.core.model.processor.AppenderRefModelHandler - Attaching appender named [Console] to Logger[com.example.fairpaysystem]
19:20:38,505 |-INFO in ch.qos.logback.core.model.processor.DefaultProcessor@49298ce7 - End of configuration.
19:20:38,505 |-INFO in org.springframework.boot.logging.logback.SpringBootJoranConfigurator@253c1256 - Registering current configuration as safe fallback point


  .   ____          _            __ _ _
 /\\ / ___'_ __ _ _(_)_ __  __ _ \ \ \ \
( ( )\___ | '_ | '_| | '_ \/ _` | \ \ \ \
 \\/  ___)| |_)| | | | | || (_| |  ) ) ) )
  '  |____| .__|_| |_|_| |_\__, | / / / /
 =========|_|==============|___/=/_/_/_/
 :: Spring Boot ::                (v3.2.2)

2024-02-15 19:20:38,579 INFO [background-preinit] HV000001: Hibernate Validator 8.0.1.Final
2024-02-15 19:20:38,610 INFO [main] Starting FairPaySystemApplicationTests using Java 21.0.2 with PID 12480 (started by Olive in C:\Users\Olive\IdeaProjects\FairPaySystem)
2024-02-15 19:20:38,611 DEBUG [main] Running with Spring Boot v3.2.2, Spring v6.1.3
2024-02-15 19:20:38,613 INFO [main] No active profile set, falling back to 1 default profile: "default"
2024-02-15 19:20:41,585 INFO [main] Started FairPaySystemApplicationTests in 3.707 seconds (process running for 5.697)
]]></system-out>
    <system-err><![CDATA[WARNING: A Java agent has been loaded dynamically (C:\Users\Olive\.m2\repository\net\bytebuddy\byte-buddy-agent\1.14.11\byte-buddy-agent-1.14.11.jar)
WARNING: If a serviceability tool is in use, please run with -XX:+EnableDynamicAgentLoading to hide this warning
WARNING: If a serviceability tool is not in use, please run with -Djdk.instrument.traceUsage for more information
WARNING: Dynamic loading of agents will be disallowed by default in a future release
]]></system-err>
  </testcase>
</testsuite>